<?xml version="1.0" encoding="UTF-8"?>
<!-- Generated by org.testng.reporters.JUnitXMLReporter -->
<testsuite ignored="2" hostname="DESKTOP-64LFQEM" failures="1" tests="12" name="Test" time="0.267" errors="0" timestamp="2022-08-18T16:18:13 IST">
  <testcase classname="TestNG.example5_keyword5_dependsOnMethod1" name="login" time="0.022">
    <failure type="java.lang.Error" message="Unresolved compilation problem: 
	Syntax error, insert &amp;quot;;&amp;quot; to complete BlockStatements
">
      <![CDATA[java.lang.Error: Unresolved compilation problem: 
Syntax error, insert ";" to complete BlockStatements

at TestNG.example5_keyword5_dependsOnMethod1.login(example5_keyword5_dependsOnMethod1.java:12)
at java.base/java.util.ArrayList.forEach(ArrayList.java:1541)
... Removed 27 stack frames]]>
    </failure>
  </testcase> <!-- login -->
  <testcase classname="TestNG.example5_keyword5_dependsOnMethod1" name="logout" time="0.0">
    <skipped/>
  </testcase> <!-- logout -->
  <testcase classname="TestNG.example5_keyword1_invocationCount" name="TC1" time="0.004"/>
  <testcase classname="TestNG.example5_keyword1_invocationCount" name="TC1" time="0.003"/>
  <testcase classname="TestNG.example5_keyword1_invocationCount" name="TC1" time="0.002"/>
  <testcase classname="TestNG.example4_Annotations" name="verifyPN1" time="0.003"/>
  <testcase classname="TestNG.example4_Annotations" name="verifyPN2" time="0.015"/>
  <testcase classname="TestNG.example5_keyword3_priority2" name="TC3" time="0.004"/>
  <testcase classname="TestNG.example5_keyword3_priority2" name="TC4" time="0.004"/>
  <testcase classname="TestNG.example5_keyword3_priority2" name="TC1" time="0.003"/>
  <testcase classname="TestNG.example5_keyword3_priority2" name="TC2" time="0.003"/>
  <testcase classname="TestNG.example5_keyword2_enabled" name="TC1" time="0.003"/>
  <testcase classname="TestNG.example5_keyword2_enabled" name="TC3" time="0.0">
    <ignored/>
  </testcase> <!-- TC3 -->
  <testcase classname="TestNG.example5_keyword2_enabled" name="TC2" time="0.0">
    <ignored/>
  </testcase> <!-- TC2 -->
</testsuite> <!-- Test -->
