<?xml version="1.0" encoding="UTF-8"?>
<!-- Generated by org.testng.reporters.JUnitXMLReporter -->
<testsuite ignored="0" hostname="DESKTOP-64LFQEM" failures="0" tests="6" name="Test" time="0.165" errors="0" timestamp="2022-07-20T11:07:38 IST">
  <testcase classname="TestNG.Ex7_Sample2" name="TC4" time="0.021"/>
  <testcase classname="TestNG.Ex7_Sample2" name="TC5" time="0.003"/>
  <testcase classname="TestNG.Ex7_Sample2" name="TC6" time="0.002"/>
  <testcase classname="TestNG.Ex7_Sample1" name="TC1" time="0.004"/>
  <testcase classname="TestNG.Ex7_Sample1" name="TC2" time="0.002"/>
  <testcase classname="TestNG.Ex7_Sample1" name="TC3" time="0.003"/>
</testsuite> <!-- Test -->
