<?xml version="1.0" encoding="UTF-8"?>
<!-- Generated by org.testng.reporters.JUnitXMLReporter -->
<testsuite ignored="0" hostname="DESKTOP-64LFQEM" failures="0" tests="2" name="Default test" time="0.382" errors="0" timestamp="2022-08-23T15:58:56 IST">
  <testcase classname="POM_DDF_TestNG_UtilityClass_BaseClass.DataProviderEx1" name="loginCH" time="0.026"/>
  <testcase classname="POM_DDF_TestNG_UtilityClass_BaseClass.DataProviderEx1" name="loginCH" time="0.002"/>
</testsuite> <!-- Default test -->
